Determining if the pthread_create exist failed with the following output:
Change Dir: /home/ronghui/share/Sunnet/build/CMakeFiles/CMakeTmp

Run Build Command:/usr/bin/make "cmTryCompileExec3394842977/fast"
/usr/bin/make -f CMakeFiles/cmTryCompileExec3394842977.dir/build.make CMakeFiles/cmTryCompileExec3394842977.dir/build
make[1]: Entering directory `/home/ronghui/share/Sunnet/build/CMakeFiles/CMakeTmp'
/usr/bin/cmake -E cmake_progress_report /home/ronghui/share/Sunnet/build/CMakeFiles/CMakeTmp/CMakeFiles 1
Building C object CMakeFiles/cmTryCompileExec3394842977.dir/CheckSymbolExists.c.o
/usr/bin/cc    -o CMakeFiles/cmTryCompileExec3394842977.dir/CheckSymbolExists.c.o   -c /home/ronghui/share/Sunnet/build/CMakeFiles/CMakeTmp/CheckSymbolExists.c
Linking C executable cmTryCompileExec3394842977
/usr/bin/cmake -E cmake_link_script CMakeFiles/cmTryCompileExec3394842977.dir/link.txt --verbose=1
/usr/bin/cc       CMakeFiles/cmTryCompileExec3394842977.dir/CheckSymbolExists.c.o  -o cmTryCompileExec3394842977 -rdynamic 
CMakeFiles/cmTryCompileExec3394842977.dir/CheckSymbolExists.c.o: In function `main':
CheckSymbolExists.c:(.text+0x16): undefined reference to `pthread_create'
make[1]: Leaving directory `/home/ronghui/share/Sunnet/build/CMakeFiles/CMakeTmp'
collect2: error: ld returned 1 exit status
make[1]: *** [cmTryCompileExec3394842977] Error 1
make: *** [cmTryCompileExec3394842977/fast] Error 2

File /home/ronghui/share/Sunnet/build/CMakeFiles/CMakeTmp/CheckSymbolExists.c:
/* */
#include <pthread.h>

int main(int argc, char** argv)
{
  (void)argv;
#ifndef pthread_create
  return ((int*)(&pthread_create))[argc];
#else
  (void)argc;
  return 0;
#endif
}

Determining if the function pthread_create exists in the pthreads failed with the following output:
Change Dir: /home/ronghui/share/Sunnet/build/CMakeFiles/CMakeTmp

Run Build Command:/usr/bin/make "cmTryCompileExec139685686/fast"
/usr/bin/make -f CMakeFiles/cmTryCompileExec139685686.dir/build.make CMakeFiles/cmTryCompileExec139685686.dir/build
make[1]: Entering directory `/home/ronghui/share/Sunnet/build/CMakeFiles/CMakeTmp'
/usr/bin/cmake -E cmake_progress_report /home/ronghui/share/Sunnet/build/CMakeFiles/CMakeTmp/CMakeFiles 1
Building C object CMakeFiles/cmTryCompileExec139685686.dir/CheckFunctionExists.c.o
/usr/bin/cc   -DCHECK_FUNCTION_EXISTS=pthread_create   -o CMakeFiles/cmTryCompileExec139685686.dir/CheckFunctionExists.c.o   -c /usr/share/cmake-2.8/Modules/CheckFunctionExists.c
Linking C executable cmTryCompileExec139685686
/usr/bin/cmake -E cmake_link_script CMakeFiles/cmTryCompileExec139685686.dir/link.txt --verbose=1
/usr/bin/cc   -DCHECK_FUNCTION_EXISTS=pthread_create    CMakeFiles/cmTryCompileExec139685686.dir/CheckFunctionExists.c.o  -o cmTryCompileExec139685686 -rdynamic -lpthreads 
/usr/bin/ld: cannot find -lpthreads
collect2: error: ld returned 1 exit status
make[1]: Leaving directory `/home/ronghui/share/Sunnet/build/CMakeFiles/CMakeTmp'
make[1]: *** [cmTryCompileExec139685686] Error 1
make: *** [cmTryCompileExec139685686/fast] Error 2


